#
# A fatal error has been detected by the Java Runtime Environment:
#
#  EXCEPTION_ACCESS_VIOLATION (0xc0000005) at pc=0x0000000028b7bb3a, pid=38196, tid=18772
#
# JRE version: 7.0_11-b21
# Java VM: Java HotSpot(TM) 64-Bit Server VM (23.6-b04 mixed mode windows-amd64 compressed oops)
# Problematic frame:
# J  java.nio.DirectByteBuffer.getLong(I)J
#
# Failed to write core dump. Minidumps are not enabled by default on client versions of Windows
#
# If you would like to submit a bug report, please visit:
#   http://bugreport.sun.com/bugreport/crash.jsp
#

---------------  T H R E A D  ---------------

Current thread (0x0000000157516800):  JavaThread "Main message loop" daemon [_thread_in_Java, id=18772, stack(0x00000002200d0000,0x00000002240d0000)]

siginfo: ExceptionCode=0xc0000005, reading address 0x0000000000000001

Registers:
RAX=0x00000000e023eaf8, RBX=0x00000000e023eaf8, RCX=0x00000000fb754c80, RDX=0x00000000fb754c80
RSP=0x00000002240bc720, RBP=0x00000002240bc7b0, RSI=0x00000000e431d430, RDI=0x0000000000000001
R8 =0x0000000000000000, R9 =0x00000000ebbca330, R10=0x0000000000000001, R11=0x0000000000000001
R12=0x0000000000000000, R13=0x00000002240bc760, R14=0x00000000e45bcd68, R15=0x0000000157516800
RIP=0x0000000028b7bb3a, EFLAGS=0x0000000000010246

Top of Stack: (sp=0x00000002240bc720)
0x00000002240bc720:   0000000157ac5390 0000000157ac5398
0x00000002240bc730:   00000002fffffffc 00000000e4319b20
0x00000002240bc740:   00000002240bc7b0 0000000028916315
0x00000002240bc750:   00000002240bc7b0 0000000028916315
0x00000002240bc760:   0000000000000000 00000000fb754c80
0x00000002240bc770:   00000002240bc770 00000000e41d70c6
0x00000002240bc780:   00000002240bc7d0 00000000e41d8038
0x00000002240bc790:   00000000e45bcd68 00000000e41d70e0
0x00000002240bc7a0:   00000002240bc760 00000002240bc7c8
0x00000002240bc7b0:   00000002240bc818 00000000289169c3
0x00000002240bc7c0:   00000000fb754c80 0000000000000000
0x00000002240bc7d0:   00000000fb754c00 00000002240bc7d8
0x00000002240bc7e0:   00000000e4319b20 00000002240bc828
0x00000002240bc7f0:   00000000e432cd70 0000000000000000
0x00000002240bc800:   00000000e4319b30 00000002240bc7c8
0x00000002240bc810:   00000002240bc828 00000002240bc878 

Instructions: (pc=0x0000000028b7bb3a)
0x0000000028b7bb1a:   ec 20 45 85 c0 7c 2e 44 8b 5a 1c 45 2b d8 41 83
0x0000000028b7bb2a:   fb 08 7c 21 4c 8b 52 10 44 0f b6 5a 2a 4d 63 c0
0x0000000028b7bb3a:   4b 8b 04 02 45 85 db 74 1e 48 83 c4 20 5d 85 05
0x0000000028b7bb4a:   b2 44 c3 dd c3 48 89 14 24 ba 39 00 00 00 66 66 


Register to memory mapping:

RAX=0x00000000e023eaf8 is an oop
{method} 
 - klass: {other class}
RBX=0x00000000e023eaf8 is an oop
{method} 
 - klass: {other class}
RCX=0x00000000fb754c80 is an oop
java.nio.DirectByteBuffer 
 - klass: 'java/nio/DirectByteBuffer'
RDX=0x00000000fb754c80 is an oop
java.nio.DirectByteBuffer 
 - klass: 'java/nio/DirectByteBuffer'
RSP=0x00000002240bc720 is pointing into the stack for thread: 0x0000000157516800
RBP=0x00000002240bc7b0 is pointing into the stack for thread: 0x0000000157516800
RSI=0x00000000e431d430 is an oop
{instance class} 
 - klass: {other class}
RDI=0x0000000000000001 is an unknown value
R8 =0x0000000000000000 is an unknown value
R9 =0x00000000ebbca330 is an oop
java.lang.Class 
 - klass: 'java/lang/Class'
R10=0x0000000000000001 is an unknown value
R11=0x0000000000000001 is an unknown value
R12=0x0000000000000000 is an unknown value
R13=0x00000002240bc760 is pointing into the stack for thread: 0x0000000157516800
R14=0x00000000e45bcd68 is an oop
{method data} 
 - klass: {other class}
R15=0x0000000157516800 is a thread


Stack: [0x00000002200d0000,0x00000002240d0000],  sp=0x00000002240bc720,  free space=65457k
Native frames: (J=compiled Java code, j=interpreted, Vv=VM code, C=native code)
J  java.nio.DirectByteBuffer.getLong(I)J
j  com.jniwrapper.win32.automation.types.SafeArray.getHandle()J+8
j  com.jniwrapper.win32.automation.types.SafeArray.acceptIOPerformer(Lcom/jniwrapper/IOPerformer;Lcom/jniwrapper/DataBuffer;IZZ)V+18
J  com.jniwrapper.Pointer.readReferencedObject(Z)V
j  com.jniwrapper.win32.automation.types.Variant.b(Lcom/jniwrapper/DataBuffer;IZILcom/jniwrapper/Parameter;)V+61
j  com.jniwrapper.win32.automation.types.Variant.read(Lcom/jniwrapper/DataBuffer;IZ)V+35
j  com.jniwrapper.win32.automation.types.Variant.acceptIOPerformer(Lcom/jniwrapper/IOPerformer;Lcom/jniwrapper/DataBuffer;IZZ)V+21


---------------  P R O C E S S  ---------------

Java Threads: ( => current thread )
  0x000000015751c000 JavaThread "Image Fetcher 0" daemon [_thread_blocked, id=7580, stack(0x000000026c0d0000,0x00000002700d0000)]
  0x0000000157518000 JavaThread "Browser Events Thread" daemon [_thread_blocked, id=32944, stack(0x0000000120000000,0x0000000124000000)]
  0x0000000157519800 JavaThread "Unnamed RequestAggregator Timer" daemon [_thread_blocked, id=16988, stack(0x00000002600d0000,0x00000002640d0000)]
=>0x0000000157516800 JavaThread "Main message loop" daemon [_thread_in_Java, id=18772, stack(0x00000002200d0000,0x00000002240d0000)]
  0x0000000112195800 JavaThread "Browser Events Thread" daemon [_thread_blocked, id=43292, stack(0x0000000164030000,0x0000000168030000)]
  0x0000000156bb2000 JavaThread "Main message loop" daemon [_thread_in_native, id=14656, stack(0x000000020c0d0000,0x00000002100d0000)]
  0x0000000154ff9000 JavaThread "Browser Events Thread" daemon [_thread_blocked, id=5072, stack(0x00000002300d0000,0x00000002340d0000)]
  0x0000000154ff7800 JavaThread "Main message loop" daemon [_thread_in_native, id=9848, stack(0x000000012d260000,0x0000000131260000)]
  0x000000011271d800 JavaThread "Browser Events Thread" daemon [_thread_blocked, id=14028, stack(0x00000002340d0000,0x00000002380d0000)]
  0x0000000112717800 JavaThread "Main message loop" daemon [_thread_in_native, id=7960, stack(0x000000021c0d0000,0x00000002200d0000)]
  0x00000000bc6fd000 JavaThread "Code Analyzer updating thread" [_thread_blocked, id=43776, stack(0x000000023c0d0000,0x00000002400d0000)]
  0x000000007d795800 JavaThread "Code Analyzer updating thread" [_thread_blocked, id=20692, stack(0x00000000d8000000,0x00000000dc000000)]
  0x0000000112198800 JavaThread "Foxtrot Multi Worker Thread Runner #2" daemon [_thread_blocked, id=40360, stack(0x00000002100d0000,0x00000002140d0000)]
  0x0000000098724000 JavaThread "Code Analyzer updating thread" [_thread_blocked, id=9024, stack(0x00000002040d0000,0x00000002080d0000)]
  0x0000000098722800 JavaThread "Browser Events Thread" daemon [_thread_blocked, id=34176, stack(0x00000002080d0000,0x000000020c0d0000)]
  0x000000009871f800 JavaThread "Main message loop" daemon [_thread_in_native, id=7912, stack(0x0000000158030000,0x000000015c030000)]
  0x000000007df45800 JavaThread "Browser Events Thread" daemon [_thread_blocked, id=28928, stack(0x000000015c030000,0x0000000160030000)]
  0x000000007df47000 JavaThread "Timer-2" daemon [_thread_blocked, id=42184, stack(0x0000000128000000,0x000000012c000000)]
  0x000000007df44000 JavaThread "Main message loop" daemon [_thread_in_native, id=21180, stack(0x000000011c000000,0x0000000120000000)]
  0x000000007df46000 JavaThread "com.jniwrapper.NativeResourceCollector" daemon [_thread_blocked, id=32504, stack(0x0000000108000000,0x000000010c000000)]
  0x0000000057259000 JavaThread "Code Analyzer updating thread" [_thread_blocked, id=27136, stack(0x00000000b4000000,0x00000000b8000000)]
  0x000000005ae4d000 JavaThread "RecordlistTable Timer" daemon [_thread_blocked, id=30488, stack(0x0000000140030000,0x0000000144030000)]
  0x000000005ae49000 JavaThread "pool-7-thread-1" [_thread_blocked, id=29212, stack(0x0000000114000000,0x0000000118000000)]
  0x000000005ae48800 JavaThread "Swing-Shell" daemon [_thread_blocked, id=7512, stack(0x0000000100000000,0x0000000104000000)]
  0x000000005ae46000 JavaThread "Foxtrot Single Worker Thread #1" daemon [_thread_blocked, id=43756, stack(0x0000000118000000,0x000000011c000000)]
  0x000000005ae43800 JavaThread "Prefs Updater" daemon [_thread_blocked, id=30008, stack(0x000000010c000000,0x0000000110000000)]
  0x0000000057253000 JavaThread "Active Reference Queue Daemon" daemon [_thread_blocked, id=20012, stack(0x00000000d4000000,0x00000000d8000000)]
  0x0000000057252000 JavaThread "Timer-1" daemon [_thread_blocked, id=19980, stack(0x00000000d0000000,0x00000000d4000000)]
  0x0000000057251800 JavaThread "ClipboardMonitor Timer" daemon [_thread_blocked, id=32572, stack(0x00000000cc000000,0x00000000d0000000)]
  0x0000000057250800 JavaThread "Explorer NavigationContext request queue" daemon [_thread_blocked, id=24316, stack(0x00000000c8000000,0x00000000cc000000)]
  0x000000005724e800 JavaThread "AddressBar directory emptiness poller" daemon [_thread_blocked, id=19672, stack(0x00000000c4000000,0x00000000c8000000)]
  0x000000005724f000 JavaThread "Explorer Refresh Service 245396268" daemon [_thread_blocked, id=43780, stack(0x00000000c0000000,0x00000000c4000000)]
  0x000000005724d000 JavaThread "TimerQueue" daemon [_thread_blocked, id=40096, stack(0x00000000b8000000,0x00000000bc000000)]
  0x000000005724c000 JavaThread "Thread-3" daemon [_thread_blocked, id=38188, stack(0x00000000a4000000,0x00000000a8000000)]
  0x0000000056caa800 JavaThread "FelixPackageAdmin" daemon [_thread_blocked, id=23172, stack(0x00000000b0000000,0x00000000b4000000)]
  0x0000000056b15800 JavaThread "FelixStartLevel" daemon [_thread_blocked, id=34880, stack(0x00000000ac000000,0x00000000b0000000)]
  0x0000000056b15000 JavaThread "FelixDispatchQueue" daemon [_thread_blocked, id=35544, stack(0x00000000a8000000,0x00000000ac000000)]
  0x0000000056c87800 JavaThread "AWT-EventQueue-0" [_thread_in_native, id=39256, stack(0x00000000a0000000,0x00000000a4000000)]
  0x0000000056ad6800 JavaThread "com.google.common.base.internal.Finalizer" daemon [_thread_blocked, id=17224, stack(0x000000009c000000,0x00000000a0000000)]
  0x0000000056aba800 JavaThread "AWT-Windows" daemon [_thread_in_native, id=39444, stack(0x0000000094000000,0x0000000098000000)]
  0x0000000056ab9800 JavaThread "AWT-Shutdown" [_thread_blocked, id=40516, stack(0x0000000090000000,0x0000000094000000)]
  0x0000000056ab9000 JavaThread "Java2D Disposer" daemon [_thread_blocked, id=28068, stack(0x000000008c000000,0x0000000090000000)]
  0x000000005673b800 JavaThread "Timer-0" [_thread_blocked, id=44524, stack(0x0000000088000000,0x000000008c000000)]
  0x000000000a7fa800 JavaThread "EventMgr Dispatcher" daemon [_thread_in_native, id=39424, stack(0x0000000084000000,0x0000000088000000)]
  0x000000000a2e5800 JavaThread "Service Thread" daemon [_thread_blocked, id=44712, stack(0x0000000077d60000,0x000000007bd60000)]
  0x000000000a2db000 JavaThread "C2 CompilerThread1" daemon [_thread_blocked, id=38204, stack(0x00000000602b0000,0x00000000642b0000)]
  0x000000000a2d6000 JavaThread "C2 CompilerThread0" daemon [_thread_blocked, id=3172, stack(0x000000005c2b0000,0x00000000602b0000)]
  0x000000000a269800 JavaThread "Attach Listener" daemon [_thread_blocked, id=38332, stack(0x0000000052470000,0x0000000056470000)]
  0x000000000a25c800 JavaThread "Finalizer" daemon [_thread_blocked, id=33924, stack(0x000000004e470000,0x0000000052470000)]
  0x000000000a256800 JavaThread "Reference Handler" daemon [_thread_blocked, id=44048, stack(0x000000004a470000,0x000000004e470000)]
  0x000000000f0ca000 JavaThread "main" [_thread_in_native, id=35396, stack(0x0000000000030000,0x0000000004030000)]

Other Threads:
  0x000000000a24a000 VMThread [stack: 0x0000000046470000,0x000000004a470000] [id=27880]
  0x000000000a32f000 WatcherThread [stack: 0x0000000080000000,0x0000000084000000] [id=5728]

VM state:not at safepoint (normal execution)

VM Mutex/Monitor currently owned by a thread: None

Heap
 PSYoungGen      total 26560K, used 25484K [0x00000000fa000000, 0x00000000fcae0000, 0x0000000100000000)
  eden space 25024K, 95% used [0x00000000fa000000,0x00000000fb765a38,0x00000000fb870000)
  from space 1536K, 99% used [0x00000000fc8a0000,0x00000000fca1d890,0x00000000fca20000)
  to   space 768K, 0% used [0x00000000fca20000,0x00000000fca20000,0x00000000fcae0000)
 ParOldGen       total 119168K, used 103482K [0x00000000e8000000, 0x00000000ef460000, 0x00000000fa000000)
  object space 119168K, 86% used [0x00000000e8000000,0x00000000ee50ebb0,0x00000000ef460000)
 PSPermGen       total 79424K, used 77604K [0x00000000e0000000, 0x00000000e4d90000, 0x00000000e8000000)
  object space 79424K, 97% used [0x00000000e0000000,0x00000000e4bc9090,0x00000000e4d90000)

Card table byte_map: [0x000000002b910000,0x000000002ba20000] byte_map_base: 0x000000002b210000

Polling page: 0x00000000067b0000

Code Cache  [0x0000000028910000, 0x0000000029b50000, 0x000000002b910000)
 total_blobs=5904 nmethods=5180 adapters=669 free_code_cache=31066Kb largest_free_block=31219136

Compilation events (10 events):
Event: 741188.379 Thread 0x000000000a2db000 nmethod 5976 0x0000000029b07f90 code [0x0000000029b080c0, 0x0000000029b08118]
Event: 741188.381 Thread 0x000000000a2d6000 nmethod 5975 0x000000002955ec10 code [0x000000002955ed60, 0x000000002955ee78]
Event: 741197.633 Thread 0x000000000a2d6000 5977             java.util.TimSort::gallopRight (335 bytes)
Event: 741197.647 Thread 0x000000000a2d6000 nmethod 5977 0x0000000029125d90 code [0x0000000029125f60, 0x0000000029126930]
Event: 741216.363 Thread 0x000000000a2db000 5978             com.mathworks.widgets.text.mcode.MTree$Node::getMaximumPosition (28 bytes)
Event: 741216.364 Thread 0x000000000a2db000 nmethod 5978 0x0000000029269110 code [0x0000000029269280, 0x0000000029269368]
Event: 741467.856 Thread 0x000000000a2d6000 5979   !         org.apache.lucene.queryParser.QueryParserTokenManager::jjMoveNfa_3 (2205 bytes)
Event: 741467.878 Thread 0x000000000a2d6000 nmethod 5979 0x00000000297aa7d0 code [0x00000000297aaf20, 0x00000000297ac5b0]
Event: 741468.065 Thread 0x000000000a2db000 5980             com.jniwrapper.r::generateCallbackParametersInfo (108 bytes)
Event: 741468.079 Thread 0x000000000a2db000 nmethod 5980 0x0000000028d71a10 code [0x0000000028d71c00, 0x0000000028d725c8]

GC Heap History (10 events):
Event: 741286.369 GC heap before
{Heap before GC invocations=15203 (full 69):
 PSYoungGen      total 28864K, used 28809K [0x00000000fa000000, 0x00000000fcd50000, 0x0000000100000000)
  eden space 28096K, 100% used [0x00000000fa000000,0x00000000fbb70000,0x00000000fbb70000)
  from space 768K, 92% used [0x00000000fcac0000,0x00000000fcb727b0,0x00000000fcb80000)
  to   space 1536K, 0% used [0x00000000fcbd0000,0x00000000fcbd0000,0x00000000fcd50000)
 ParOldGen       total 118976K, used 104757K [0x00000000e8000000, 0x00000000ef430000, 0x00000000fa000000)
  object space 118976K, 88% used [0x00000000e8000000,0x00000000ee64d6d8,0x00000000ef430000)
 PSPermGen       total 80000K, used 77930K [0x00000000e0000000, 0x00000000e4e20000, 0x00000000e8000000)
  object space 80000K, 97% used [0x00000000e0000000,0x00000000e4c1ab38,0x00000000e4e20000)
Event: 741286.372 GC heap after
Heap after GC invocations=15203 (full 69):
 PSYoungGen      total 28032K, used 753K [0x00000000fa000000, 0x00000000fcc90000, 0x0000000100000000)
  eden space 27264K, 0% used [0x00000000fa000000,0x00000000fa000000,0x00000000fbaa0000)
  from space 768K, 98% used [0x00000000fcbd0000,0x00000000fcc8c5b8,0x00000000fcc90000)
  to   space 1472K, 0% used [0x00000000fc9b0000,0x00000000fc9b0000,0x00000000fcb20000)
 ParOldGen       total 118976K, used 104757K [0x00000000e8000000, 0x00000000ef430000, 0x00000000fa000000)
  object space 118976K, 88% used [0x00000000e8000000,0x00000000ee64d6d8,0x00000000ef430000)
 PSPermGen       total 80000K, used 77930K [0x00000000e0000000, 0x00000000e4e20000, 0x00000000e8000000)
  object space 80000K, 97% used [0x00000000e0000000,0x00000000e4c1ab38,0x00000000e4e20000)
}
Event: 741326.716 GC heap before
{Heap before GC invocations=15204 (full 69):
 PSYoungGen      total 28032K, used 28017K [0x00000000fa000000, 0x00000000fcc90000, 0x0000000100000000)
  eden space 27264K, 100% used [0x00000000fa000000,0x00000000fbaa0000,0x00000000fbaa0000)
  from space 768K, 98% used [0x00000000fcbd0000,0x00000000fcc8c5b8,0x00000000fcc90000)
  to   space 1472K, 0% used [0x00000000fc9b0000,0x00000000fc9b0000,0x00000000fcb20000)
 ParOldGen       total 118976K, used 104757K [0x00000000e8000000, 0x00000000ef430000, 0x00000000fa000000)
  object space 118976K, 88% used [0x00000000e8000000,0x00000000ee64d6d8,0x00000000ef430000)
 PSPermGen       total 80000K, used 77930K [0x00000000e0000000, 0x00000000e4e20000, 0x00000000e8000000)
  object space 80000K, 97% used [0x00000000e0000000,0x00000000e4c1ab58,0x00000000e4e20000)
Event: 741326.721 GC heap after
Heap after GC invocations=15204 (full 69):
 PSYoungGen      total 27648K, used 1142K [0x00000000fa000000, 0x00000000fcbe0000, 0x0000000100000000)
  eden space 26496K, 0% used [0x00000000fa000000,0x00000000fa000000,0x00000000fb9e0000)
  from space 1152K, 99% used [0x00000000fc9b0000,0x00000000fcacd9e8,0x00000000fcad0000)
  to   space 1088K, 0% used [0x00000000fcad0000,0x00000000fcad0000,0x00000000fcbe0000)
 ParOldGen       total 118976K, used 113557K [0x00000000e8000000, 0x00000000ef430000, 0x00000000fa000000)
  object space 118976K, 95% used [0x00000000e8000000,0x00000000eeee5728,0x00000000ef430000)
 PSPermGen       total 80000K, used 77930K [0x00000000e0000000, 0x00000000e4e20000, 0x00000000e8000000)
  object space 80000K, 97% used [0x00000000e0000000,0x00000000e4c1ab58,0x00000000e4e20000)
}
Event: 741326.721 GC heap before
{Heap before GC invocations=15205 (full 70):
 PSYoungGen      total 27648K, used 1142K [0x00000000fa000000, 0x00000000fcbe0000, 0x0000000100000000)
  eden space 26496K, 0% used [0x00000000fa000000,0x00000000fa000000,0x00000000fb9e0000)
  from space 1152K, 99% used [0x00000000fc9b0000,0x00000000fcacd9e8,0x00000000fcad0000)
  to   space 1088K, 0% used [0x00000000fcad0000,0x00000000fcad0000,0x00000000fcbe0000)
 ParOldGen       total 118976K, used 113557K [0x00000000e8000000, 0x00000000ef430000, 0x00000000fa000000)
  object space 118976K, 95% used [0x00000000e8000000,0x00000000eeee5728,0x00000000ef430000)
 PSPermGen       total 80000K, used 77930K [0x00000000e0000000, 0x00000000e4e20000, 0x00000000e8000000)
  object space 80000K, 97% used [0x00000000e0000000,0x00000000e4c1ab58,0x00000000e4e20000)
Event: 741326.867 GC heap after
Heap after GC invocations=15205 (full 70):
 PSYoungGen      total 27648K, used 0K [0x00000000fa000000, 0x00000000fcbe0000, 0x0000000100000000)
  eden space 26496K, 0% used [0x00000000fa000000,0x00000000fa000000,0x00000000fb9e0000)
  from space 1152K, 0% used [0x00000000fc9b0000,0x00000000fc9b0000,0x00000000fcad0000)
  to   space 1088K, 0% used [0x00000000fcad0000,0x00000000fcad0000,0x00000000fcbe0000)
 ParOldGen       total 119168K, used 92500K [0x00000000e8000000, 0x00000000ef460000, 0x00000000fa000000)
  object space 119168K, 77% used [0x00000000e8000000,0x00000000eda55358,0x00000000ef460000)
 PSPermGen       total 79424K, used 77579K [0x00000000e0000000, 0x00000000e4d90000, 0x00000000e8000000)
  object space 79424K, 97% used [0x00000000e0000000,0x00000000e4bc2f18,0x00000000e4d90000)
}
Event: 741383.325 GC heap before
{Heap before GC invocations=15206 (full 70):
 PSYoungGen      total 27648K, used 26496K [0x00000000fa000000, 0x00000000fcbe0000, 0x0000000100000000)
  eden space 26496K, 100% used [0x00000000fa000000,0x00000000fb9e0000,0x00000000fb9e0000)
  from space 1152K, 0% used [0x00000000fc9b0000,0x00000000fc9b0000,0x00000000fcad0000)
  to   space 1088K, 0% used [0x00000000fcad0000,0x00000000fcad0000,0x00000000fcbe0000)
 ParOldGen       total 119168K, used 92500K [0x00000000e8000000, 0x00000000ef460000, 0x00000000fa000000)
  object space 119168K, 77% used [0x00000000e8000000,0x00000000eda55358,0x00000000ef460000)
 PSPermGen       total 79424K, used 77579K [0x00000000e0000000, 0x00000000e4d90000, 0x00000000e8000000)
  object space 79424K, 97% used [0x00000000e0000000,0x00000000e4bc2f18,0x00000000e4d90000)
Event: 741383.331 GC heap after
Heap after GC invocations=15206 (full 70):
 PSYoungGen      total 26560K, used 822K [0x00000000fa000000, 0x00000000fcba0000, 0x0000000100000000)
  eden space 25728K, 0% used [0x00000000fa000000,0x00000000fa000000,0x00000000fb920000)
  from space 832K, 98% used [0x00000000fcad0000,0x00000000fcb9d890,0x00000000fcba0000)
  to   space 1536K, 0% used [0x00000000fc8a0000,0x00000000fc8a0000,0x00000000fca20000)
 ParOldGen       total 119168K, used 103324K [0x00000000e8000000, 0x00000000ef460000, 0x00000000fa000000)
  object space 119168K, 86% used [0x00000000e8000000,0x00000000ee4e73a0,0x00000000ef460000)
 PSPermGen       total 79424K, used 77579K [0x00000000e0000000, 0x00000000e4d90000, 0x00000000e8000000)
  object space 79424K, 97% used [0x00000000e0000000,0x00000000e4bc2f18,0x00000000e4d90000)
}
Event: 741467.865 GC heap before
{Heap before GC invocations=15207 (full 70):
 PSYoungGen      total 26560K, used 26550K [0x00000000fa000000, 0x00000000fcba0000, 0x0000000100000000)
  eden space 25728K, 100% used [0x00000000fa000000,0x00000000fb920000,0x00000000fb920000)
  from space 832K, 98% used [0x00000000fcad0000,0x00000000fcb9d890,0x00000000fcba0000)
  to   space 1536K, 0% used [0x00000000fc8a0000,0x00000000fc8a0000,0x00000000fca20000)
 ParOldGen       total 119168K, used 103362K [0x00000000e8000000, 0x00000000ef460000, 0x00000000fa000000)
  object space 119168K, 86% used [0x00000000e8000000,0x00000000ee4f0bb0,0x00000000ef460000)
 PSPermGen       total 79424K, used 77580K [0x00000000e0000000, 0x00000000e4d90000, 0x00000000e8000000)
  object space 79424K, 97% used [0x00000000e0000000,0x00000000e4bc31b8,0x00000000e4d90000)
Event: 741467.877 GC heap after
Heap after GC invocations=15207 (full 70):
 PSYoungGen      total 26560K, used 1526K [0x00000000fa000000, 0x00000000fcae0000, 0x0000000100000000)
  eden space 25024K, 0% used [0x00000000fa000000,0x00000000fa000000,0x00000000fb870000)
  from space 1536K, 99% used [0x00000000fc8a0000,0x00000000fca1d890,0x00000000fca20000)
  to   space 768K, 0% used [0x00000000fca20000,0x00000000fca20000,0x00000000fcae0000)
 ParOldGen       total 119168K, used 103482K [0x00000000e8000000, 0x00000000ef460000, 0x00000000fa000000)
  object space 119168K, 86% used [0x00000000e8000000,0x00000000ee50ebb0,0x00000000ef460000)
 PSPermGen       total 79424K, used 77580K [0x00000000e0000000, 0x00000000e4d90000, 0x00000000e8000000)
  object space 79424K, 97% used [0x00000000e0000000,0x00000000e4bc31b8,0x00000000e4d90000)
}

Deoptimization events (10 events):
Event: 739835.451 Thread 0x0000000056c87800 Uncommon trap -34 fr.pc 0x0000000029aa93c4
Event: 739835.451 Thread 0x0000000056c87800 Uncommon trap -34 fr.pc 0x0000000029aa93c4
Event: 739916.257 Thread 0x0000000056c87800 Uncommon trap -34 fr.pc 0x0000000029438864
Event: 740467.744 Thread 0x0000000056c87800 Uncommon trap -83 fr.pc 0x0000000029b308ec
Event: 740468.249 Thread 0x0000000056c87800 Uncommon trap -122 fr.pc 0x00000000293e4790
Event: 741467.864 Thread 0x000000000f0ca000 Uncommon trap -58 fr.pc 0x0000000029abfd78
Event: 741468.020 Thread 0x0000000157516800 Uncommon trap -34 fr.pc 0x0000000029945a48
Event: 741468.139 Thread 0x0000000157516800 Uncommon trap -34 fr.pc 0x0000000028e6ab80
Event: 741468.190 Thread 0x0000000056c87800 Uncommon trap -83 fr.pc 0x0000000029b3ef30
Event: 741468.304 Thread 0x0000000157516800 Uncommon trap -34 fr.pc 0x0000000028e6ab80

Internal exceptions (10 events):
Event: 741468.181 Thread 0x0000000157516800 Threw 0x00000000fb173b20 at C:\jdk7u1_64p\jdk7u11\hotspot\src\share\vm\runtime\reflection.cpp:1039
Event: 741468.185 Thread 0x0000000157516800 Threw 0x00000000fb24a250 at C:\jdk7u1_64p\jdk7u11\hotspot\src\share\vm\runtime\reflection.cpp:1039
Event: 741468.186 Thread 0x0000000157516800 Threw 0x00000000fb2614a8 at C:\jdk7u1_64p\jdk7u11\hotspot\src\share\vm\runtime\reflection.cpp:1039
Event: 741468.188 Thread 0x0000000157516800 Threw 0x00000000fb293af0 at C:\jdk7u1_64p\jdk7u11\hotspot\src\share\vm\runtime\reflection.cpp:1039
Event: 741468.193 Thread 0x0000000157516800 Threw 0x00000000fb2bd658 at C:\jdk7u1_64p\jdk7u11\hotspot\src\share\vm\runtime\reflection.cpp:1039
Event: 741468.210 Thread 0x0000000157516800 Threw 0x00000000fb3bce00 at C:\jdk7u1_64p\jdk7u11\hotspot\src\share\vm\runtime\reflection.cpp:1039
Event: 741468.220 Thread 0x0000000157516800 Threw 0x00000000fb5073c0 at C:\jdk7u1_64p\jdk7u11\hotspot\src\share\vm\runtime\reflection.cpp:1039
Event: 741468.224 Thread 0x0000000157516800 Threw 0x00000000fb5a1e78 at C:\jdk7u1_64p\jdk7u11\hotspot\src\share\vm\runtime\reflection.cpp:1039
Event: 741468.234 Thread 0x0000000157516800 Threw 0x00000000fb6f7dd8 at C:\jdk7u1_64p\jdk7u11\hotspot\src\share\vm\runtime\reflection.cpp:1039
Event: 741468.305 Thread 0x0000000157516800 Implicit null exception at 0x0000000028b7bb3a to 0x0000000000000000

Events (10 events):
Event: 741468.187 Executing VM operation: BulkRevokeBias
Event: 741468.187 Executing VM operation: BulkRevokeBias done
Event: 741468.190 Thread 0x0000000056c87800 DEOPT PACKING pc=0x0000000029b3ef30 sp=0x00000000a3ffd330
Event: 741468.190 Thread 0x0000000056c87800 DEOPT UNPACKING pc=0x0000000028949164 sp=0x00000000a3ffd2f0 mode 2
Event: 741468.229 Executing VM operation: RevokeBias
Event: 741468.229 Executing VM operation: RevokeBias done
Event: 741468.229 Executing VM operation: BulkRevokeBias
Event: 741468.229 Executing VM operation: BulkRevokeBias done
Event: 741468.305 Thread 0x0000000157516800 DEOPT PACKING pc=0x0000000028e6ab80 sp=0x00000002240bc4e0
Event: 741468.305 Thread 0x0000000157516800 DEOPT UNPACKING pc=0x0000000028949164 sp=0x00000002240bc488 mode 2


Dynamic libraries:
0x0000000140000000 - 0x0000000140029000 	C:\Program Files\MATLAB\R2013b\bin\win64\MATLAB.exe
0x0000000077b80000 - 0x0000000077d2a000 	C:\Windows\SYSTEM32\ntdll.dll
0x0000000077a60000 - 0x0000000077b7f000 	C:\Windows\system32\kernel32.dll
0x000007fefdc00000 - 0x000007fefdc6a000 	C:\Windows\system32\KERNELBASE.dll
0x000000006f060000 - 0x000000006f3dc000 	C:\Program Files\MATLAB\R2013b\bin\win64\libmwservices.dll
0x000000006fe80000 - 0x000000006ff56000 	C:\Program Files\MATLAB\R2013b\bin\win64\libmwi18n.dll
0x000000006fe70000 - 0x000000006fe7d000 	C:\Program Files\MATLAB\R2013b\bin\win64\libmwresource_core.dll
0x0000000074360000 - 0x00000000743f8000 	C:\Program Files\MATLAB\R2013b\bin\win64\MSVCP100.dll
0x0000000074280000 - 0x0000000074352000 	C:\Program Files\MATLAB\R2013b\bin\win64\MSVCR100.dll
0x0000000074ef0000 - 0x0000000074efe000 	C:\Program Files\MATLAB\R2013b\bin\win64\boost_date_time-vc100-mt-1_49.dll
0x00000000749b0000 - 0x00000000749dc000 	C:\Program Files\MATLAB\R2013b\bin\win64\boost_filesystem-vc100-mt-1_49.dll
0x0000000074ee0000 - 0x0000000074ee9000 	C:\Program Files\MATLAB\R2013b\bin\win64\boost_system-vc100-mt-1_49.dll
0x000007feffbb0000 - 0x000007feffc8b000 	C:\Windows\system32\ADVAPI32.dll
0x000007feff8e0000 - 0x000007feff97f000 	C:\Windows\system32\msvcrt.dll
0x000007fefdf80000 - 0x000007fefdf9f000 	C:\Windows\SYSTEM32\sechost.dll
0x000007feffc90000 - 0x000007feffdbd000 	C:\Windows\system32\RPCRT4.dll
0x00000000749e0000 - 0x0000000074a05000 	C:\Program Files\MATLAB\R2013b\bin\win64\LIBEXPAT.dll
0x00000000740f0000 - 0x000000007427a000 	C:\Program Files\MATLAB\R2013b\bin\win64\icuin49.dll
0x0000000073fb0000 - 0x00000000740ee000 	C:\Program Files\MATLAB\R2013b\bin\win64\icuuc49.dll
0x0000000072e80000 - 0x0000000073fa2000 	C:\Program Files\MATLAB\R2013b\bin\win64\icudt49.dll
0x00000000748f0000 - 0x0000000074900000 	C:\Program Files\MATLAB\R2013b\bin\win64\icuio49.dll
0x0000000004200000 - 0x00000000042bb000 	C:\Program Files\MATLAB\R2013b\bin\win64\libut.dll
0x000000006f960000 - 0x000000006fb07000 	C:\Program Files\MATLAB\R2013b\bin\win64\libmwfl.dll
0x00000000042c0000 - 0x00000000046cf000 	C:\Program Files\MATLAB\R2013b\bin\win64\libmwMATLAB_res.dll
0x0000000066050000 - 0x000000006612f000 	C:\Program Files\MATLAB\R2013b\bin\win64\boost_regex-vc100-mt-1_49.dll
0x0000000077960000 - 0x0000000077a5a000 	C:\Windows\system32\USER32.dll
0x000007fefed30000 - 0x000007fefed97000 	C:\Windows\system32\GDI32.dll
0x000007feff240000 - 0x000007feff24e000 	C:\Windows\system32\LPK.dll
0x000007feff540000 - 0x000007feff60a000 	C:\Windows\system32\USP10.dll
0x00000000748d0000 - 0x00000000748e1000 	C:\Program Files\MATLAB\R2013b\bin\win64\boost_signals-vc100-mt-1_49.dll
0x0000000074480000 - 0x0000000074491000 	C:\Program Files\MATLAB\R2013b\bin\win64\boost_thread-vc100-mt-1_49.dll
0x0000000072df0000 - 0x0000000072e7c000 	C:\Program Files\MATLAB\R2013b\bin\win64\boost_log-vc100-mt-1_49.dll
0x0000000077d50000 - 0x0000000077d57000 	C:\Windows\system32\PSAPI.DLL
0x000007feffa80000 - 0x000007feffacd000 	C:\Windows\system32\WS2_32.dll
0x000007feff250000 - 0x000007feff258000 	C:\Windows\system32\NSI.dll
0x000007fefa140000 - 0x000007fefa173000 	C:\Program Files\MATLAB\R2013b\bin\win64\tbb.dll
0x000007fefdc70000 - 0x000007fefdc89000 	C:\Windows\system32\imagehlp.dll
0x000007fefc520000 - 0x000007fefc54c000 	C:\Windows\system32\POWRPROF.dll
0x000007fefdc90000 - 0x000007fefde67000 	C:\Windows\system32\SETUPAPI.dll
0x000007fefdb20000 - 0x000007fefdb56000 	C:\Windows\system32\CFGMGR32.dll
0x000007feffad0000 - 0x000007feffbaa000 	C:\Windows\system32\OLEAUT32.dll
0x000007fefee40000 - 0x000007feff043000 	C:\Windows\system32\ole32.dll
0x000007fefda90000 - 0x000007fefdaaa000 	C:\Windows\system32\DEVOBJ.dll
0x00000000046d0000 - 0x00000000047cb000 	C:\Program Files\MATLAB\R2013b\bin\win64\libmx.dll
0x000007fef86e0000 - 0x000007fef8708000 	C:\Program Files\MATLAB\R2013b\bin\win64\tbbmalloc.dll
0x0000000074460000 - 0x0000000074477000 	C:\Program Files\MATLAB\R2013b\bin\win64\zlib1.dll
0x000000006ef00000 - 0x000000006ef4e000 	C:\Program Files\MATLAB\R2013b\bin\win64\libmwregexp.dll
0x000000006eeb0000 - 0x000000006eef7000 	C:\Program Files\MATLAB\R2013b\bin\win64\mpath.dll
0x00000000047d0000 - 0x0000000004df8000 	C:\Program Files\MATLAB\R2013b\bin\win64\mlutil.dll
0x000000006e870000 - 0x000000006e8e7000 	C:\Program Files\MATLAB\R2013b\bin\win64\xmlcore.dll
0x000000005c060000 - 0x000000005c2a1000 	C:\Program Files\MATLAB\R2013b\bin\win64\xerces-c_2_7.dll
0x000000006e5f0000 - 0x000000006e613000 	C:\Program Files\MATLAB\R2013b\bin\win64\libmwMATLAB_settings_res.dll
0x0000000074900000 - 0x0000000074910000 	C:\Program Files\MATLAB\R2013b\bin\win64\boost_iostreams-vc100-mt-1_49.dll
0x0000000074410000 - 0x0000000074456000 	C:\Program Files\MATLAB\R2013b\bin\win64\boost_serialization-vc100-mt-1_49.dll
0x000007fefdfa0000 - 0x000007fefed2a000 	C:\Windows\system32\SHELL32.dll
0x000007feff980000 - 0x000007feff9f1000 	C:\Windows\system32\SHLWAPI.dll
0x000000006e580000 - 0x000000006e586000 	C:\Program Files\MATLAB\R2013b\bin\win64\libmwnativedisplay.dll
0x00000000685f0000 - 0x000000006863d000 	C:\Program Files\MATLAB\R2013b\bin\win64\opccore.dll
0x00000000684f0000 - 0x00000000685c6000 	C:\Program Files\MATLAB\R2013b\bin\win64\opcmodel.dll
0x00000000684c0000 - 0x00000000684ed000 	C:\Program Files\MATLAB\R2013b\bin\win64\opczippackage.dll
0x0000000074400000 - 0x000000007440e000 	C:\Program Files\MATLAB\R2013b\bin\win64\libminizip.dll
0x0000000068340000 - 0x00000000683a6000 	C:\Program Files\MATLAB\R2013b\bin\win64\opcmwservices.dll
0x000007fef0020000 - 0x000007fef00c0000 	C:\Windows\WinSxS\amd64_microsoft.windows.common-controls_6595b64144ccf1df_5.82.7601.18837_none_a4d981ff711297b6\COMCTL32.dll
0x000007feffdf0000 - 0x000007feffe87000 	C:\Windows\system32\COMDLG32.dll
0x000007fefb380000 - 0x000007fefb396000 	C:\Windows\system32\NETAPI32.dll
0x000007fefca50000 - 0x000007fefca5c000 	C:\Windows\system32\netutils.dll
0x000007fefd580000 - 0x000007fefd5a3000 	C:\Windows\system32\srvcli.dll
0x000007fefb3a0000 - 0x000007fefb3b5000 	C:\Windows\system32\wkscli.dll
0x000000006e4d0000 - 0x000000006e57d000 	C:\Program Files\MATLAB\R2013b\bin\win64\mcr.dll
0x000000006e110000 - 0x000000006e4d0000 	C:\Program Files\MATLAB\R2013b\bin\win64\iqm.dll
0x0000000180000000 - 0x00000001800c2000 	C:\Program Files\MATLAB\R2013b\bin\win64\m_dispatcher.dll
0x0000000004e10000 - 0x000000000560b000 	C:\Program Files\MATLAB\R2013b\bin\win64\m_interpreter.dll
0x000000006d760000 - 0x000000006d784000 	C:\Program Files\MATLAB\R2013b\bin\win64\libmex.dll
0x000000006d6e0000 - 0x000000006d75b000 	C:\Program Files\MATLAB\R2013b\bin\win64\profiler.dll
0x000000006d450000 - 0x000000006d5c8000 	C:\Program Files\MATLAB\R2013b\bin\win64\libmwmathutil.dll
0x000000006d420000 - 0x000000006d447000 	C:\Program Files\MATLAB\R2013b\bin\win64\libmwmathrng.dll
0x000000006d410000 - 0x000000006d420000 	C:\Program Files\MATLAB\R2013b\bin\win64\libmwmfl_rng.dll
0x0000000005610000 - 0x0000000005728000 	C:\Program Files\MATLAB\R2013b\bin\win64\libmwmathcore.dll
0x000000006d2b0000 - 0x000000006d313000 	C:\Program Files\MATLAB\R2013b\bin\win64\libmwspmatrix.dll
0x0000000005730000 - 0x0000000005992000 	C:\Program Files\MATLAB\R2013b\bin\win64\mcos.dll
0x000000006cfc0000 - 0x000000006d01c000 	C:\Program Files\MATLAB\R2013b\bin\win64\libmwcholmod.dll
0x000000006cfb0000 - 0x000000006cfbc000 	C:\Program Files\MATLAB\R2013b\bin\win64\libmwamd.dll
0x000000006cfa0000 - 0x000000006cfab000 	C:\Program Files\MATLAB\R2013b\bin\win64\libmwcolamd.dll
0x000000006cf80000 - 0x000000006cf93000 	C:\Program Files\MATLAB\R2013b\bin\win64\libmwblas.dll
0x000000006cf60000 - 0x000000006cf75000 	C:\Program Files\MATLAB\R2013b\bin\win64\libmwbinder.dll
0x000000006cf50000 - 0x000000006cf5b000 	C:\Program Files\MATLAB\R2013b\bin\win64\libmwompwrapper.dll
0x000000006ced0000 - 0x000000006cf4f000 	C:\Program Files\MATLAB\R2013b\bin\win64\libmwlapack.dll
0x000000006ceb0000 - 0x000000006ced0000 	C:\Program Files\MATLAB\R2013b\bin\win64\m_pcodeio.dll
0x000000006ce50000 - 0x000000006ceac000 	C:\Program Files\MATLAB\R2013b\bin\win64\m_ir.dll
0x00000000059a0000 - 0x0000000006055000 	C:\Program Files\MATLAB\R2013b\bin\win64\m_parser.dll
0x000000006c780000 - 0x000000006c797000 	C:\Program Files\MATLAB\R2013b\bin\win64\ir_xfmr.dll
0x000000006c770000 - 0x000000006c780000 	C:\Program Files\MATLAB\R2013b\bin\win64\mtok.dll
0x000000006c740000 - 0x000000006c768000 	C:\Program Files\MATLAB\R2013b\bin\win64\m_pcodegen.dll
0x000007fefa580000 - 0x000007fefa6a5000 	C:\Windows\system32\dbghelp.dll
0x000000006c710000 - 0x000000006c73f000 	C:\Program Files\MATLAB\R2013b\bin\win64\libmwbridge.dll
0x000000006c650000 - 0x000000006c706000 	C:\Program Files\MATLAB\R2013b\bin\win64\udd.dll
0x0000000006060000 - 0x00000000061b1000 	C:\Program Files\MATLAB\R2013b\bin\win64\libmwgui.dll
0x000000006c4d0000 - 0x000000006c4f8000 	C:\Program Files\MATLAB\R2013b\bin\win64\graphics_util.dll
0x0000000064730000 - 0x00000000647e8000 	C:\Program Files\MATLAB\R2013b\bin\win64\libtex_base.dll
0x000000006bac0000 - 0x000000006c426000 	C:\Program Files\MATLAB\R2013b\bin\win64\hg.dll
0x000000006ba60000 - 0x000000006babd000 	C:\Program Files\MATLAB\R2013b\bin\win64\libmat.dll
0x000000006b850000 - 0x000000006ba58000 	C:\Program Files\MATLAB\R2013b\bin\win64\hdf5dll.dll
0x000000006b780000 - 0x000000006b848000 	C:\Program Files\MATLAB\R2013b\bin\win64\jmi.dll
0x000000006b770000 - 0x000000006b77e000 	C:\Program Files\MATLAB\R2013b\bin\win64\nativejava_services.dll
0x00000000061d0000 - 0x0000000006212000 	C:\Program Files\MATLAB\R2013b\bin\win64\libmwhardcopy.dll
0x000000006b6d0000 - 0x000000006b72e000 	C:\Program Files\MATLAB\R2013b\bin\win64\libuij.dll
0x000000006b490000 - 0x000000006b695000 	C:\Program Files\MATLAB\R2013b\bin\win64\hgdatatypes.dll
0x0000000006220000 - 0x0000000006332000 	C:\Program Files\MATLAB\R2013b\bin\win64\hgutils.dll
0x000000006b2f0000 - 0x000000006b39e000 	C:\Program Files\MATLAB\R2013b\bin\win64\udd_mi.dll
0x000000006b2b0000 - 0x000000006b2e6000 	C:\Program Files\MATLAB\R2013b\bin\win64\libmwgbtutils.dll
0x000000006b290000 - 0x000000006b2a3000 	C:\Program Files\MATLAB\R2013b\bin\win64\libmwgbt.dll
0x000000006afc0000 - 0x000000006b28f000 	C:\Program Files\MATLAB\R2013b\bin\win64\uiw.dll
0x000000006afb0000 - 0x000000006afb9000 	C:\Program Files\MATLAB\R2013b\bin\win64\uinone.dll
0x000000006af80000 - 0x000000006afac000 	C:\Program Files\MATLAB\R2013b\bin\win64\libmwnativedialogs.dll
0x000000006af70000 - 0x000000006af7c000 	C:\Program Files\MATLAB\R2013b\bin\win64\libmwplatform_res.dll
0x000007fefa770000 - 0x000007fefa788000 	C:\Windows\system32\MPR.dll
0x00000000589f0000 - 0x0000000058f4d000 	C:\Program Files\MATLAB\R2013b\bin\win64\mfc100.dll
0x000007fef9190000 - 0x000007fef9197000 	C:\Windows\system32\MSIMG32.dll
0x000007fef0360000 - 0x000007fef03d1000 	C:\Windows\system32\WINSPOOL.DRV
0x000000006af50000 - 0x000000006af6d000 	C:\Program Files\MATLAB\R2013b\bin\win64\mwoles05.DLL
0x000000006aee0000 - 0x000000006af4c000 	C:\Program Files\MATLAB\R2013b\bin\win64\comcli.dll
0x00000000711a0000 - 0x00000000711cb000 	C:\Program Files\MATLAB\R2013b\bin\win64\ATL100.DLL
0x000000006aed0000 - 0x000000006aedc000 	C:\Program Files\MATLAB\R2013b\bin\win64\mlautoregister.dll
0x0000000006350000 - 0x00000000064bf000 	C:\Program Files\MATLAB\R2013b\bin\win64\mvm.dll
0x000007feffdc0000 - 0x000007feffdee000 	C:\Windows\system32\IMM32.DLL
0x000007fefde70000 - 0x000007fefdf79000 	C:\Windows\system32\MSCTF.dll
0x000007fefba70000 - 0x000007fefbac6000 	C:\Windows\system32\UxTheme.dll
0x000007fefb690000 - 0x000007fefb6a8000 	C:\Windows\system32\dwmapi.dll

VM Arguments:
jvm_args: -XX:PermSize=32m -Xms64m -XX:NewRatio=3 -XX:MaxPermSize=128m -Xmx384m -XX:MaxDirectMemorySize=2147400000 -Dsun.java2d.noddraw=true -Dsun.awt.nopixfmt=true -Xshare:off -Xrs -XX:-UseSplitVerifier -Djava.library.path=C:\Program Files\MATLAB\R2013b\bin\win64;C:\Program Files\MATLAB\R2013b\sys\jxbrowser\win64\lib vfprintf abort -Duser.language=en -Duser.country=US -XX:ParallelGCThreads=6 
java_command: <unknown>
Launcher Type: generic

Environment Variables:
PATH=C:\ProgramData\Oracle\Java\javapath;C:\Program Files (x86)\Intel\iCLS Client\;C:\Program Files\Intel\iCLS Client\;C:\Windows\system32;C:\Windows;C:\Windows\System32\Wbem;C:\Windows\System32\WindowsPowerShell\v1.0\;C:\ArcGIS\Desktop10.1\ArcToolbox\Toolboxes\USGS_EGISTools\metadata\tools\bin;C:\ArcGIS\gbin;C:\Program Files\Intel\Intel(R) Management Engine Components\DAL;C:\Program Files\Intel\Intel(R) Management Engine Components\IPT;C:\Program Files (x86)\Intel\Intel(R) Management Engine Components\DAL;C:\Program Files (x86)\Intel\Intel(R) Management Engine Components\IPT;C:\Program Files\jEdit;C:\Program Files (x86)\MiKTeX 2.9\miktex\bin\;C:\Program Files\MATLAB\R2013b\bin;C:\Program Files (x86)\Google\Google Apps Sync\;C:\Program Files\MATLAB\MATLAB Compiler Runtime\v81\runtime\win64;C:\Program Files (x86)\Simply Fortran 2\mingw-w64\bin;C:\Program Files (x86)\Simply Fortran 2\mingw-w64\x86_64-w64-mingw32\lib32;C:\Program Files (x86)\Simply Fortran 2\mingw-w64\x86_64-w64-mingw32\lib64;C:\Program Files\TortoiseSVN\bin
USERNAME=dketner
OS=Windows_NT
PROCESSOR_IDENTIFIER=Intel64 Family 6 Model 44 Stepping 2, GenuineIntel



---------------  S Y S T E M  ---------------

OS: Windows 7 , 64 bit Build 7601 Service Pack 1

CPU:total 12 (6 cores per cpu, 2 threads per core) family 6 model 44 stepping 2, cmov, cx8, fxsr, mmx, sse, sse2, sse3, ssse3, sse4.1, sse4.2, popcnt, ht, tsc, tscinvbit, tscinv

Memory: 4k page, physical 16774740k(8633936k free), swap 33547620k(24612632k free)

vm_info: Java HotSpot(TM) 64-Bit Server VM (23.6-b04) for windows-amd64 JRE (1.7.0_11-b21), built on Jan 12 2013 02:38:42 by "java_re" with unknown MS VC++:1600

time: Wed Dec 28 03:52:38 2016
elapsed time: 741468 seconds

